ArraysPracticalWork.js:60 3 8 4 6 9 7 7 4 7 9
ArraysPracticalWork.js:69 8 4 6 4 
ArraysPracticalWork.js:17 64
ArraysPracticalWork.js:20 9
ArraysPracticalWork.js:60 3 8 4 18 6 9 7 7 4 7 9
ArraysPracticalWork.js:60 3 8 4 6 9 7 7 4 7 9
ArraysPracticalWork.js:32 _______
ArraysPracticalWork.js:60 3 8 4 6 9 7 7 4 7 9
ArraysPracticalWork.js:60 4 9 5 7 10 8 8 5 8 10
ArraysPracticalWork.js:60 3 8 4 6 9 7 5 10
ArraysPracticalWork.js:39 _______
ArraysPracticalWork.js:60 3 8 4 6 9 7 7 4 7 9
ArraysPracticalWork.js:60 4 9 5 7 10 8 8 5 8 10
ArraysPracticalWork.js:60 8 4 9 7
ArraysPracticalWork.js:46 _______
ArraysPracticalWork.js:60 3 8 4 6 9 7 7 4 7 9
ArraysPracticalWork.js:60 4 9 5 7 10 8 8 5 8 10
ArraysPracticalWork.js:60 3 6
ArraysPracticalWork.js:55 0
ArraysPracticalWork.js:56 2
ArraysPracticalWork.js:57 3
