StringsPracticalWork.js:8 1
StringsPracticalWork.js:9 -1
StringsPracticalWork.js:10 0
StringsPracticalWork.js:13 str_3
StringsPracticalWork.js:14 Str_3
StringsPracticalWork.js:18 0
StringsPracticalWork.js:19 1
StringsPracticalWork.js:20 2
StringsPracticalWork.js:21 3
StringsPracticalWork.js:22 3
StringsPracticalWork.js:25 false
StringsPracticalWork.js:26 true
StringsPracticalWork.js:29 Lorem ipsum dolor sit amet, consectetur adipiscing elit. Sed porta ac.
StringsPracticalWork.js:30 Lorem ipsum dolor sit amet, consecte...
StringsPracticalWork.js:33 true
StringsPracticalWork.js:34 false
StringsPracticalWork.js:35 false
StringsPracticalWork.js:38 5
StringsPracticalWork.js:39 15
StringsPracticalWork.js:42 consectetur
StringsPracticalWork.js:45 5
StringsPracticalWork.js:142 2: 3,24
